2025-06-03 13:45:39,200 - INFO:Acceso al sitio del SAT
2025-06-03 13:45:48,474 - INFO:Click en acceso por fiel
2025-06-03 13:45:50,605 - INFO:Seteo path del cert
2025-06-03 13:45:53,675 - INFO:Seteo path del key
2025-06-03 13:45:54,801 - INFO:Seteo password
2025-06-03 13:45:56,615 - INFO:Click Acceso
2025-06-03 13:46:09,296 - INFO:Click descarga de Constancia
2025-06-03 13:47:48,638 - ERROR:Se excedió el tiempo de espera del sitio
2025-06-06 23:02:08,063 - INFO:Acceso al sitio del SAT
2025-06-06 23:02:10,006 - INFO:Click en acceso por fiel
2025-06-06 23:02:12,104 - ERROR:Se excedió el tiempo de espera del sitio
2025-06-06 23:02:34,147 - INFO:Acceso al sitio del SAT
2025-06-06 23:02:35,828 - INFO:Click en acceso por fiel
2025-06-06 23:02:37,955 - ERROR:Se excedió el tiempo de espera del sitio
2025-06-06 23:02:57,419 - INFO:Acceso al sitio del SAT
2025-06-06 23:02:59,195 - INFO:Click en acceso por fiel
2025-06-06 23:03:01,259 - ERROR:Se excedió el tiempo de espera del sitio
2025-06-06 23:03:32,085 - INFO:Acceso al sitio del SAT
2025-06-06 23:03:33,833 - INFO:Click en acceso por fiel
2025-06-06 23:03:35,915 - ERROR:Se excedió el tiempo de espera del sitio
2025-06-06 23:05:46,349 - INFO:Acceso al sitio del SAT
2025-06-06 23:05:57,691 - ERROR:Se excedió el tiempo de espera del sitio
2025-06-06 23:07:23,473 - INFO:Acceso al sitio del SAT
2025-06-06 23:07:25,905 - INFO:Click en acceso por fiel
2025-06-06 23:07:28,009 - ERROR:Se excedió el tiempo de espera del sitio
2025-06-06 23:11:15,840 - INFO:Acceso al sitio del SAT
2025-06-06 23:11:17,605 - INFO:Click en acceso por fiel
2025-06-06 23:11:19,690 - ERROR:Se excedió el tiempo de espera del sitio
2025-06-06 23:24:38,313 - INFO:Acceso al sitio del SAT, intento: SAGF8705279C8
2025-06-06 23:24:39,970 - INFO:Click en acceso por fiel
2025-06-06 23:24:42,060 - INFO:Seteo path del cert
2025-06-06 23:24:45,149 - INFO:Seteo path del key
2025-06-06 23:24:46,308 - INFO:Seteo password
2025-06-06 23:24:52,351 - INFO:Click Acceso
2025-06-06 23:24:57,602 - INFO:Click descarga de Constancia
2025-06-06 23:26:25,312 - INFO:Acceso al sitio del SAT, intento: LTG161017MY7
2025-06-06 23:26:36,689 - ERROR:Se excedió el tiempo de espera del sitio
2025-06-06 23:27:28,276 - INFO:Acceso al sitio del SAT, intento: LTG161017MY7
2025-06-06 23:27:29,978 - INFO:Click en acceso por fiel
2025-06-06 23:27:32,051 - INFO:Seteo path del cert
2025-06-06 23:27:35,135 - INFO:Seteo path del key
2025-06-06 23:27:36,270 - INFO:Seteo password
2025-06-06 23:27:44,043 - INFO:Click Acceso
2025-06-06 23:27:49,278 - INFO:Click descarga de Constancia
